# JRE version: OpenJDK Runtime Environment (7.0_51) (build 1.7.0_51-b00)
# Java VM: OpenJDK 64-Bit Server VM (24.45-b08 mixed mode linux-amd64 compressed oops)
Heap
 PSYoungGen      total 24064K, used 16391K [0x00000007d6e80000, 0x00000007dbe80000, 0x0000000800000000)
  eden space 23552K, 69% used [0x00000007d6e80000,0x00000007d7e71cf8,0x00000007d8580000)
  from space 512K, 12% used [0x00000007dbe00000,0x00000007dbe10000,0x00000007dbe80000)
  to   space 512K, 0% used [0x00000007dbd80000,0x00000007dbd80000,0x00000007dbe00000)
 ParOldGen       total 83968K, used 3918K [0x0000000784c00000, 0x0000000789e00000, 0x00000007d6e80000)
  object space 83968K, 4% used [0x0000000784c00000,0x0000000784fd3ac0,0x0000000789e00000)
 PSPermGen       total 21504K, used 14911K [0x000000077a600000, 0x000000077bb00000, 0x0000000784c00000)
  object space 21504K, 69% used [0x000000077a600000,0x000000077b48ff78,0x000000077bb00000)
GC Heap History (10 events):
Event: 138,507 GC heap before
{Heap before GC invocations=168 (full 0):
 PSYoungGen      total 24064K, used 23648K [0x00000007d6e80000, 0x00000007dbe80000, 0x0000000800000000)
  eden space 23552K, 100% used [0x00000007d6e80000,0x00000007d8580000,0x00000007d8580000)
  from space 512K, 18% used [0x00000007dbd80000,0x00000007dbd98000,0x00000007dbe00000)
  to   space 512K, 0% used [0x00000007dbe00000,0x00000007dbe00000,0x00000007dbe80000)
 ParOldGen       total 83968K, used 3910K [0x0000000784c00000, 0x0000000789e00000, 0x00000007d6e80000)
  object space 83968K, 4% used [0x0000000784c00000,0x0000000784fd1ac0,0x0000000789e00000)
 PSPermGen       total 21504K, used 14890K [0x000000077a600000, 0x000000077bb00000, 0x0000000784c00000)
  object space 21504K, 69% used [0x000000077a600000,0x000000077b48aa10,0x000000077bb00000)
Event: 138,508 GC heap after
Heap after GC invocations=168 (full 0):
 PSYoungGen      total 24064K, used 64K [0x00000007d6e80000, 0x00000007dbe80000, 0x0000000800000000)
  eden space 23552K, 0% used [0x00000007d6e80000,0x00000007d6e80000,0x00000007d8580000)
  from space 512K, 12% used [0x00000007dbe00000,0x00000007dbe10000,0x00000007dbe80000)
  to   space 512K, 0% used [0x00000007dbd80000,0x00000007dbd80000,0x00000007dbe00000)
 ParOldGen       total 83968K, used 3910K [0x0000000784c00000, 0x0000000789e00000, 0x00000007d6e80000)
  object space 83968K, 4% used [0x0000000784c00000,0x0000000784fd1ac0,0x0000000789e00000)
 PSPermGen       total 21504K, used 14890K [0x000000077a600000, 0x000000077bb00000, 0x0000000784c00000)
  object space 21504K, 69% used [0x000000077a600000,0x000000077b48aa10,0x000000077bb00000)
}
Event: 138,672 GC heap before
{Heap before GC invocations=169 (full 0):
 PSYoungGen      total 24064K, used 23616K [0x00000007d6e80000, 0x00000007dbe80000, 0x0000000800000000)
  eden space 23552K, 100% used [0x00000007d6e80000,0x00000007d8580000,0x00000007d8580000)
  from space 512K, 12% used [0x00000007dbe00000,0x00000007dbe10000,0x00000007dbe80000)
  to   space 512K, 0% used [0x00000007dbd80000,0x00000007dbd80000,0x00000007dbe00000)
 ParOldGen       total 83968K, used 3910K [0x0000000784c00000, 0x0000000789e00000, 0x00000007d6e80000)
  object space 83968K, 4% used [0x0000000784c00000,0x0000000784fd1ac0,0x0000000789e00000)
 PSPermGen       total 21504K, used 14890K [0x000000077a600000, 0x000000077bb00000, 0x0000000784c00000)
  object space 21504K, 69% used [0x000000077a600000,0x000000077b48aa10,0x000000077bb00000)
Event: 138,673 GC heap after
Heap after GC invocations=169 (full 0):
 PSYoungGen      total 24064K, used 64K [0x00000007d6e80000, 0x00000007dbe80000, 0x0000000800000000)
  eden space 23552K, 0% used [0x00000007d6e80000,0x00000007d6e80000,0x00000007d8580000)
  from space 512K, 12% used [0x00000007dbd80000,0x00000007dbd90000,0x00000007dbe00000)
  to   space 512K, 0% used [0x00000007dbe00000,0x00000007dbe00000,0x00000007dbe80000)
 ParOldGen       total 83968K, used 3910K [0x0000000784c00000, 0x0000000789e00000, 0x00000007d6e80000)
  object space 83968K, 4% used [0x0000000784c00000,0x0000000784fd1ac0,0x0000000789e00000)
 PSPermGen       total 21504K, used 14890K [0x000000077a600000, 0x000000077bb00000, 0x0000000784c00000)
  object space 21504K, 69% used [0x000000077a600000,0x000000077b48aa10,0x000000077bb00000)
}
Event: 138,841 GC heap before
{Heap before GC invocations=170 (full 0):
 PSYoungGen      total 24064K, used 23616K [0x00000007d6e80000, 0x00000007dbe80000, 0x0000000800000000)
  eden space 23552K, 100% used [0x00000007d6e80000,0x00000007d8580000,0x00000007d8580000)
  from space 512K, 12% used [0x00000007dbd80000,0x00000007dbd90000,0x00000007dbe00000)
  to   space 512K, 0% used [0x00000007dbe00000,0x00000007dbe00000,0x00000007dbe80000)
 ParOldGen       total 83968K, used 3910K [0x0000000784c00000, 0x0000000789e00000, 0x00000007d6e80000)
  object space 83968K, 4% used [0x0000000784c00000,0x0000000784fd1ac0,0x0000000789e00000)
 PSPermGen       total 21504K, used 14890K [0x000000077a600000, 0x000000077bb00000, 0x0000000784c00000)
  object space 21504K, 69% used [0x000000077a600000,0x000000077b48aa10,0x000000077bb00000)
Event: 138,842 GC heap after
Heap after GC invocations=170 (full 0):
 PSYoungGen      total 24064K, used 64K [0x00000007d6e80000, 0x00000007dbe80000, 0x0000000800000000)
  eden space 23552K, 0% used [0x00000007d6e80000,0x00000007d6e80000,0x00000007d8580000)
  from space 512K, 12% used [0x00000007dbe00000,0x00000007dbe10000,0x00000007dbe80000)
  to   space 512K, 0% used [0x00000007dbd80000,0x00000007dbd80000,0x00000007dbe00000)
 ParOldGen       total 83968K, used 3910K [0x0000000784c00000, 0x0000000789e00000, 0x00000007d6e80000)
  object space 83968K, 4% used [0x0000000784c00000,0x0000000784fd1ac0,0x0000000789e00000)
 PSPermGen       total 21504K, used 14890K [0x000000077a600000, 0x000000077bb00000, 0x0000000784c00000)
  object space 21504K, 69% used [0x000000077a600000,0x000000077b48aa10,0x000000077bb00000)
}
Event: 139,015 GC heap before
{Heap before GC invocations=171 (full 0):
 PSYoungGen      total 24064K, used 23616K [0x00000007d6e80000, 0x00000007dbe80000, 0x0000000800000000)
  eden space 23552K, 100% used [0x00000007d6e80000,0x00000007d8580000,0x00000007d8580000)
  from space 512K, 12% used [0x00000007dbe00000,0x00000007dbe10000,0x00000007dbe80000)
  to   space 512K, 0% used [0x00000007dbd80000,0x00000007dbd80000,0x00000007dbe00000)
 ParOldGen       total 83968K, used 3910K [0x0000000784c00000, 0x0000000789e00000, 0x00000007d6e80000)
  object space 83968K, 4% used [0x0000000784c00000,0x0000000784fd1ac0,0x0000000789e00000)
 PSPermGen       total 21504K, used 14890K [0x000000077a600000, 0x000000077bb00000, 0x0000000784c00000)
  object space 21504K, 69% used [0x000000077a600000,0x000000077b48aa10,0x000000077bb00000)
Event: 139,016 GC heap after
Heap after GC invocations=171 (full 0):
 PSYoungGen      total 24064K, used 64K [0x00000007d6e80000, 0x00000007dbe80000, 0x0000000800000000)
  eden space 23552K, 0% used [0x00000007d6e80000,0x00000007d6e80000,0x00000007d8580000)
  from space 512K, 12% used [0x00000007dbd80000,0x00000007dbd90000,0x00000007dbe00000)
  to   space 512K, 0% used [0x00000007dbe00000,0x00000007dbe00000,0x00000007dbe80000)
 ParOldGen       total 83968K, used 3910K [0x0000000784c00000, 0x0000000789e00000, 0x00000007d6e80000)
  object space 83968K, 4% used [0x0000000784c00000,0x0000000784fd1ac0,0x0000000789e00000)
 PSPermGen       total 21504K, used 14890K [0x000000077a600000, 0x000000077bb00000, 0x0000000784c00000)
  object space 21504K, 69% used [0x000000077a600000,0x000000077b48aa10,0x000000077bb00000)
}
Event: 139,234 GC heap before
{Heap before GC invocations=172 (full 0):
 PSYoungGen      total 24064K, used 23616K [0x00000007d6e80000, 0x00000007dbe80000, 0x0000000800000000)
  eden space 23552K, 100% used [0x00000007d6e80000,0x00000007d8580000,0x00000007d8580000)
  from space 512K, 12% used [0x00000007dbd80000,0x00000007dbd90000,0x00000007dbe00000)
  to   space 512K, 0% used [0x00000007dbe00000,0x00000007dbe00000,0x00000007dbe80000)
 ParOldGen       total 83968K, used 3910K [0x0000000784c00000, 0x0000000789e00000, 0x00000007d6e80000)
  object space 83968K, 4% used [0x0000000784c00000,0x0000000784fd1ac0,0x0000000789e00000)
 PSPermGen       total 21504K, used 14899K [0x000000077a600000, 0x000000077bb00000, 0x0000000784c00000)
  object space 21504K, 69% used [0x000000077a600000,0x000000077b48ce28,0x000000077bb00000)
Event: 139,235 GC heap after
Heap after GC invocations=172 (full 0):
 PSYoungGen      total 24064K, used 64K [0x00000007d6e80000, 0x00000007dbe80000, 0x0000000800000000)
  eden space 23552K, 0% used [0x00000007d6e80000,0x00000007d6e80000,0x00000007d8580000)
  from space 512K, 12% used [0x00000007dbe00000,0x00000007dbe10000,0x00000007dbe80000)
  to   space 512K, 0% used [0x00000007dbd80000,0x00000007dbd80000,0x00000007dbe00000)
 ParOldGen       total 83968K, used 3918K [0x0000000784c00000, 0x0000000789e00000, 0x00000007d6e80000)
  object space 83968K, 4% used [0x0000000784c00000,0x0000000784fd3ac0,0x0000000789e00000)
 PSPermGen       total 21504K, used 14899K [0x000000077a600000, 0x000000077bb00000, 0x0000000784c00000)
  object space 21504K, 69% used [0x000000077a600000,0x000000077b48ce28,0x000000077bb00000)
}

